[    0.000000] Initializing cgroup subsys cpuset
[    0.000000] Initializing cgroup subsys cpu
[    0.000000] Initializing cgroup subsys cpuacct
[    0.000000] Linux version 4.4.0-141-generic (buildd@lcy01-amd64-006) (gcc version 5.4.0 20160609 (Ubuntu 5.4.0-6ubuntu1~16.04.10) ) #167-Ubuntu SMP Wed Dec 5 10:40:15 UTC 2018 (Ubuntu 4.4.0-141.167-generic 4.4.162)
[    0.000000] Command line: BOOT_IMAGE=/boot/vmlinuz-4.4.0-141-generic root=LABEL=cloudimg-rootfs ro console=tty1 console=ttyS0
[    0.000000] KERNEL supported cpus:
[    0.000000]   Intel GenuineIntel
[    0.000000]   AMD AuthenticAMD
[    0.000000]   Centaur CentaurHauls
[    0.000000] x86/fpu: xstate_offset[2]:  576, xstate_sizes[2]:  256
[    0.000000] x86/fpu: Supporting XSAVE feature 0x01: 'x87 floating point registers'
[    0.000000] x86/fpu: Supporting XSAVE feature 0x02: 'SSE registers'
[    0.000000] x86/fpu: Supporting XSAVE feature 0x04: 'AVX registers'
[    0.000000] x86/fpu: Enabled xstate features 0x7, context size is 832 bytes, using 'standard' format.
[    0.000000] e820: BIOS-provided physical RAM map
[    0.000000] BIOS-e820: [mem 0x0000000000000000-0x000000000009fbff] usable
[    0.000000] BIOS-e820: [mem 0x000000000009fc00-0x000000000009ffff] reserved
[    0.000000] BIOS-e820: [mem 0x00000000000f0000-0x00000000000fffff] reserved
[    0.000000] BIOS-e820: [mem 0x0000000000100000-0x000000003ffeffff] usable
[    0.000000] BIOS-e820: [mem 0x000000003fff0000-0x000000003fffffff] ACPI data
[    0.000000] BIOS-e820: [mem 0x00000000fec00000-0x00000000fec00fff] reserved
[    0.000000] BIOS-e820: [mem 0x00000000fee00000-0x00000000fee00fff] reserved
[    0.000000] BIOS-e820: [mem 0x00000000fffc0000-0x00000000ffffffff] reserved
[    0.000000] NX (Execute Disable) protection: active
[    0.000000] SMBIOS 2.5 present.
[    0.000000] Hypervisor detected: KVM
[    0.000000] e820: last_pfn = 0x3fff0 max_arch_pfn = 0x400000000
[    0.000000] MTRR: Disabled
[    0.000000] x86/PAT: MTRRs disabled, skipping PAT initialization too.
[    0.000000] CPU MTRRs all blank - virtualized system.
[    0.000000] x86/PAT: Configuration [0-7]: WB  WT  UC- UC  WB  WT  UC- UC  
[    0.000000] found SMP MP-table at [mem 0x0009fff0-0x0009ffff] mapped at [ffff88000009fff0]
[    0.000000] Scanning 1 areas for low memory corruption
[    0.000000] RAMDISK: [mem 0x3630a000-0x3717cfff]
[    0.000000] ACPI: Early table checksum verification disabled
[    0.000000] ACPI: RSDP 0x00000000000E0000 000024 (v02 VBOX  )
[    0.000000] ACPI: XSDT 0x000000003FFF0030 00003C (v01 VBOX   VBOXXSDT 00000001 ASL  00000061)
[    0.000000] ACPI: FACP 0x000000003FFF00F0 0000F4 (v04 VBOX   VBOXFACP 00000001 ASL  00000061)
[    0.000000] ACPI: DSDT 0x000000003FFF0470 0021FF (v02 VBOX   VBOXBIOS 00000002 INTL 20181031)
[    0.000000] ACPI: FACS 0x000000003FFF0200 000040
[    0.000000] ACPI: FACS 0x000000003FFF0200 000040
[    0.000000] ACPI: APIC 0x000000003FFF0240 00005C (v02 VBOX   VBOXAPIC 00000001 ASL  00000061)
[    0.000000] ACPI: SSDT 0x000000003FFF02A0 0001CC (v01 VBOX   VBOXCPUT 00000002 INTL 20181031)
[    0.000000] No NUMA configuration found
[    0.000000] Faking a node at [mem 0x0000000000000000-0x000000003ffeffff]
[    0.000000] NODE_DATA(0) allocated [mem 0x3ffeb000-0x3ffeffff]
[    0.000000] kvm-clock: Using msrs 4b564d01 and 4b564d00
[    0.000000] kvm-clock: cpu 0, msr 0:3ffe3001, primary cpu clock
[    0.000000] kvm-clock: using sched offset of 3692156694 cycles
[    0.000000] clocksource: kvm-clock: mask: 0xffffffffffffffff max_cycles: 0x1cd42e4dffb, max_idle_ns: 881590591483 ns
[    0.000000] Zone ranges:
[    0.000000]   DMA      [mem 0x0000000000001000-0x0000000000ffffff]
[    0.000000]   DMA32    [mem 0x0000000001000000-0x000000003ffeffff]
[    0.000000]   Normal   empty
[    0.000000]   Device   empty
[    0.000000] Movable zone start for each node
[    0.000000] Early memory node ranges
[    0.000000]   node   0: [mem 0x0000000000001000-0x000000000009efff]
[    0.000000]   node   0: [mem 0x0000000000100000-0x000000003ffeffff]
[    0.000000] Initmem setup node 0 [mem 0x0000000000001000-0x000000003ffeffff]
[    0.000000] ACPI: PM-Timer IO Port: 0x4008
[    0.000000] IOAPIC[0]: apic_id 2, version 32, address 0xfec00000, GSI 0-23
[    0.000000] ACPI: INT_SRC_OVR (bus 0 bus_irq 0 global_irq 2 dfl dfl)
[    0.000000] ACPI: INT_SRC_OVR (bus 0 bus_irq 9 global_irq 9 low level)
[    0.000000] Using ACPI (MADT) for SMP configuration information
[    0.000000] smpboot: Allowing 2 CPUs, 0 hotplug CPUs
[    0.000000] PM: Registered nosave memory: [mem 0x00000000-0x00000fff]
[    0.000000] PM: Registered nosave memory: [mem 0x0009f000-0x0009ffff]
[    0.000000] PM: Registered nosave memory: [mem 0x000a0000-0x000effff]
[    0.000000] PM: Registered nosave memory: [mem 0x000f0000-0x000fffff]
[    0.000000] e820: [mem 0x40000000-0xfebfffff] available for PCI devices
[    0.000000] Booting paravirtualized kernel on KVM
[    0.000000] clocksource: refined-jiffies: mask: 0xffffffff max_cycles: 0xffffffff, max_idle_ns: 7645519600211568 ns
[    0.000000] setup_percpu: NR_CPUS:512 nr_cpumask_bits:512 nr_cpu_ids:2 nr_node_ids:1
[    0.000000] PERCPU: Embedded 34 pages/cpu @ffff88003fc00000 s99608 r8192 d31464 u1048576
[    0.000000] PV qspinlock hash table entries: 256 (order: 0, 4096 bytes)
[    0.000000] Built 1 zonelists in Node order, mobility grouping on.  Total pages: 257912
[    0.000000] Policy zone: DMA32
[    0.000000] Kernel command line: BOOT_IMAGE=/boot/vmlinuz-4.4.0-141-generic root=LABEL=cloudimg-rootfs ro console=tty1 console=ttyS0
[    0.000000] PID hash table entries: 4096 (order: 3, 32768 bytes)
[    0.000000] Memory: 997708K/1048120K available (8568K kernel code, 1314K rwdata, 4008K rodata, 1528K init, 1316K bss, 50412K reserved, 0K cma-reserved)
[    0.000000] SLUB: HWalign=64, Order=0-3, MinObjects=0, CPUs=2, Nodes=1
[    0.000000] Kernel/User page tables isolation: enabled
[    0.000000] Hierarchical RCU implementation.
[    0.000000] 	Build-time adjustment of leaf fanout to 64.
[    0.000000] 	RCU restricting CPUs from NR_CPUS=512 to nr_cpu_ids=2.
[    0.000000] RCU: Adjusting geometry for rcu_fanout_leaf=64, nr_cpu_ids=2
[    0.000000] NR_IRQS:33024 nr_irqs:440 16
[    0.000000] Console: colour VGA+ 80x25
[    0.000000] console [tty1] enabled
[    0.000000] console [ttyS0] enabled
[    0.000000] tsc: Detected 2394.454 MHz processor
[    0.330115] Calibrating delay loop (skipped) preset value.. 4788.90 BogoMIPS (lpj=9577816)
[    0.348118] pid_max: default: 32768 minimum: 301
[    0.353085] ACPI: Core revision 20150930
[    0.356018] ACPI: 2 ACPI AML tables successfully acquired and loaded
[    0.358195] Security Framework initialized
[    0.359576] Yama: becoming mindful.
[    0.360836] AppArmor: AppArmor initialized
[    0.362371] Dentry cache hash table entries: 131072 (order: 8, 1048576 bytes)
[    0.370612] Inode-cache hash table entries: 65536 (order: 7, 524288 bytes)
[    0.372823] Mount-cache hash table entries: 2048 (order: 2, 16384 bytes)
[    0.374755] Mountpoint-cache hash table entries: 2048 (order: 2, 16384 bytes)
[    0.377075] Initializing cgroup subsys io
[    0.378467] Initializing cgroup subsys memory
[    0.379925] Initializing cgroup subsys devices
[    0.381406] Initializing cgroup subsys freezer
[    0.382856] Initializing cgroup subsys net_cls
[    0.384314] Initializing cgroup subsys perf_event
[    0.391894] Initializing cgroup subsys net_prio
[    0.393305] Initializing cgroup subsys hugetlb
[    0.394516] Initializing cgroup subsys pids
[    0.405279] mce: CPU supports 0 MCE banks
[    0.407638] Last level iTLB entries: 4KB 1024, 2MB 1024, 4MB 1024
[    0.408936] Last level dTLB entries: 4KB 1024, 2MB 1024, 4MB 1024, 1GB 4
[    0.410272] Spectre V2 : Mitigation: Full generic retpoline
[    0.416786] Spectre V2 : Spectre v2 mitigation: Speculation control IBPB not-supported IBRS not-supported
[    0.418563] Spectre V2 : Spectre v2 / SpectreRSB mitigation: Filling RSB on context switch
[    0.420753] Speculative Store Bypass: Vulnerable
[    0.424591] Freeing SMP alternatives memory: 32K
[    0.433987] ftrace: allocating 32291 entries in 127 pages
[    0.506559] smpboot: APIC(0) Converting physical 0 to logical package 0
[    0.509835] smpboot: Max logical packages: 1
[    0.511160] x2apic enabled
[    0.517875] Switched APIC routing to physical x2apic.
[    0.520926] ..TIMER: vector=0x30 apic1=0 pin1=2 apic2=-1 pin2=-1
[    0.628762] smpboot: CPU0: Intel(R) Core(TM) i5-4210U CPU @ 1.70GHz (family: 0x6, model: 0x45, stepping: 0x1)
[    0.636060] Performance Events: unsupported p6 CPU model 69 no PMU driver, software events only.
[    0.639099] KVM setup paravirtual spinlock
[    0.642696] x86: Booting SMP configuration:
[    0.650627] .... node  #0, CPUs:      #1
[    0.651835] kvm-clock: cpu 1, msr 0:3ffe3041, secondary cpu clock
[    0.660830] mce: CPU supports 0 MCE banks
[    0.671284] x86: Booted up 1 node, 2 CPUs
[    0.672521] smpboot: Total of 2 processors activated (9577.81 BogoMIPS)
[    0.676362] devtmpfs: initialized
[    0.680309] evm: security.selinux
[    0.681588] evm: security.SMACK64
[    0.682849] evm: security.SMACK64EXEC
[    0.684124] evm: security.SMACK64TRANSMUTE
[    0.685516] evm: security.SMACK64MMAP
[    0.686766] evm: security.ima
[    0.687878] evm: security.capability
[    0.694727] clocksource: jiffies: mask: 0xffffffff max_cycles: 0xffffffff, max_idle_ns: 7645041785100000 ns
[    0.703046] futex hash table entries: 512 (order: 3, 32768 bytes)
[    0.705154] pinctrl core: initialized pinctrl subsystem
[    0.707003] RTC time: 17:20:35, date: 01/22/19
[    0.708735] NET: Registered protocol family 16
[    0.721104] cpuidle: using governor ladder
[    0.744917] cpuidle: using governor menu
[    0.746652] PCCT header not found.
[    0.748370] ACPI: bus type PCI registered
[    0.750205] acpiphp: ACPI Hot Plug PCI Controller Driver version: 0.5
[    0.752914] PCI: Using configuration type 1 for base access
[    0.766916] ACPI: Added _OSI(Module Device)
[    0.773686] ACPI: Added _OSI(Processor Device)
[    0.785741] ACPI: Added _OSI(3.0 _SCP Extensions)
[    0.794007] ACPI: Added _OSI(Processor Aggregator Device)
[    0.802036] ACPI: Executed 1 blocks of module-level executable AML code
[    0.815710] ACPI: Interpreter enabled
[    0.818022] ACPI: (supports S0 S5)
[    0.820315] ACPI: Using IOAPIC for interrupt routing
[    0.822106] PCI: Using host bridge windows from ACPI; if necessary, use "pci=nocrs" and report a bug
[    0.835789] ACPI: PCI Root Bridge [PCI0] (domain 0000 [bus 00-ff])
[    0.848208] acpi PNP0A03:00: _OSC: OS supports [ASPM ClockPM Segments MSI]
[    0.863047] acpi PNP0A03:00: _OSC: not requesting OS control; OS requires [ExtendedConfig ASPM ClockPM MSI]
[    0.871365] acpi PNP0A03:00: fail to add MMCONFIG information, can't access extended PCI configuration space under this bridge.
[    0.875287] PCI host bridge to bus 0000:00
[    0.886925] pci_bus 0000:00: root bus resource [io  0x0000-0x0cf7 window]
[    0.904792] pci_bus 0000:00: root bus resource [io  0x0d00-0xffff window]
[    0.906303] pci_bus 0000:00: root bus resource [mem 0x000a0000-0x000bffff window]
[    0.908018] pci_bus 0000:00: root bus resource [mem 0x40000000-0xfdffffff window]
[    0.909824] pci_bus 0000:00: root bus resource [bus 00-ff]
[    0.913408] pci 0000:00:01.1: legacy IDE quirk: reg 0x10: [io  0x01f0-0x01f7]
[    0.915522] pci 0000:00:01.1: legacy IDE quirk: reg 0x14: [io  0x03f6]
[    0.924644] pci 0000:00:01.1: legacy IDE quirk: reg 0x18: [io  0x0170-0x0177]
[    0.926423] pci 0000:00:01.1: legacy IDE quirk: reg 0x1c: [io  0x0376]
[    0.958320] pci 0000:00:07.0: quirk: [io  0x4000-0x403f] claimed by PIIX4 ACPI
[    0.966142] pci 0000:00:07.0: quirk: [io  0x4100-0x410f] claimed by PIIX4 SMB
[    0.976796] ACPI: PCI Interrupt Link [LNKA] (IRQs 5 9 10 *11)
[    0.980236] ACPI: PCI Interrupt Link [LNKB] (IRQs 5 9 *10 11)
[    0.982135] ACPI: PCI Interrupt Link [LNKC] (IRQs 5 *9 10 11)
[    0.983967] ACPI: PCI Interrupt Link [LNKD] (IRQs 5 9 10 *11)
[    0.985950] ACPI: Enabled 2 GPEs in block 00 to 07
[    0.988701] vgaarb: setting as boot device: PCI:0000:00:02.0
[    0.989905] vgaarb: device added: PCI:0000:00:02.0,decodes=io+mem,owns=io+mem,locks=none
[    0.991685] vgaarb: loaded
[    0.992438] vgaarb: bridge control possible 0000:00:02.0
[    1.001787] SCSI subsystem initialized
[    1.003334] ACPI: bus type USB registered
[    1.010087] usbcore: registered new interface driver usbfs
[    1.011774] usbcore: registered new interface driver hub
[    1.019608] usbcore: registered new device driver usb
[    1.022710] PCI: Using ACPI for IRQ routing
[    1.024105] NetLabel: Initializing
[    1.024980] NetLabel:  domain hash size = 128
[    1.025975] NetLabel:  protocols = UNLABELED CIPSOv4
[    1.027056] NetLabel:  unlabeled traffic allowed by default
[    1.032093] amd_nb: Cannot enumerate AMD northbridges
[    1.033264] clocksource: Switched to clocksource kvm-clock
[    1.042129] AppArmor: AppArmor Filesystem Enabled
[    1.046448] pnp: PnP ACPI init
[    1.048112] pnp: PnP ACPI: found 3 devices
[   .0026]clckouce acpi_pm: mask: 0xffffff max_cycles: 0xffffff, max_idle_ns: 2085701024 ns
[    1.281183] NET: Registered protocol family 2

[    1.282797] TCP established hash table entries: 8192 (order: 4, 65536 bytes)
[    1.284301] TCP bind hash table entries: 8192 (order: 5, 131072 bytes)
[    1.285662] TCP: Hash tables configured (established 8192 bind 8192)
[    1.287010] UDP hash table entries: 512 (order: 2, 16384 bytes)
[    1.288263] UDP-Lite hash table entries: 512 (order: 2, 16384 bytes)
[    1.289640] NET: Registered protocol family 1
[    1.290657] pci 0000:00:00.0: Limiting direct PCI/PCI transfers
[    1.291880] pci 0000:00:01.0: Activating ISA DMA hang workarounds
[    1.299268] Unpacking initramfs...
[    1.532891] Freeing initrd memory: 14796K
[    1.536635] RAPL PMU detected, API unit is 2^-32 Joules, 4 fixed counters 10737418240 ms ovfl timer
[    1.539550] hw unit of domain pp0-core 2^-0 Joules
[    1.541102] hw unit of domain package 2^-0 Joules
[    1.542660] hw unit of domain dram 2^-0 Joules
[    1.544103] hw unit of domain pp1-gpu 2^-0 Joules
[    1.567898] platform rtc_cmos: registered platform RTC device (no PNP device found)
[    1.569716] Scanning for low memory corruption every 60 seconds
[    1.571774] audit: initializing netlink subsys (disabled)
[    1.573222] audit: type=2000 audit(1548177641.108:1): initialized
[    1.574965] Initialise system trusted keyring
[    1.607720] HugeTLB registered 2 MB page size, pre-allocated 0 pages
[    1.611053] zbud: loaded
[    1.612360] VFS: Disk quotas dquot_6.6.0
[    1.613403] VFS: Dquot-cache hash table entries: 512 (order 0, 4096 bytes)
[    1.615131] squashfs: version 4.0 (2009/01/31) Phillip Lougher
[    1.617011] fuse init (API version 7.23)
[    1.618316] Key type big_key registered
[    1.619337] Allocating IMA MOK and blacklist keyrings.
[    1.621751] Key type asymmetric registered
[    1.637240] Asymmetric key parser 'x509' registered
[    1.638748] Block layer SCSI generic (bsg) driver version 0.4 loaded (major 249)
[    1.640909] io scheduler noop registered
[    1.642066] io scheduler deadline registered (default)
[    1.643472] io scheduler cfq registered
[    1.667780] pci_hotplug: PCI Hot Plug PCI Core version: 0.5
[    1.669233] pciehp: PCI Express Hot Plug Controller Driver version: 0.4
[    1.671117] ACPI: AC Adapter [AC] (on-line)
[    1.672363] input: Power Button as /devices/LNXSYSTM:00/LNXPWRBN:00/input/input0
[    1.674440] ACPI: Power Button [PWRF]
[    1.675497] input: Sleep Button as /devices/LNXSYSTM:00/LNXSLPBN:00/input/input1
[    1.692027] ACPI: Sleep Button [SLPF]
[    1.693375] GHES: HEST is not enabled!
[    1.695293] virtio-pci 0000:00:03.0: virtio_pci: leaving for legacy driver
[    1.700316] ACPI: Battery Slot [BAT0] (battery present)
[    1.701936] Serial: 8250/16550 driver, 32 ports, IRQ sharing enabled
[    1.725951] 00:02: ttyS0 at I/O 0x3f8 (irq = 4, base_baud = 115200) is a 16550A
[    1.730831] Linux agpgart interface v0.103
[    1.733741] loop: module loaded
[    1.735299] scsi host0: ata_piix
[    1.736343] scsi host1: ata_piix
[    1.738571] ata1: PATA max UDMA/33 cmd 0x1f0 ctl 0x3f6 bmdma 0xd000 irq 14
[    1.740328] ata2: PATA max UDMA/33 cmd 0x170 ctl 0x376 bmdma 0xd008 irq 15
[    1.742303] libphy: Fixed MDIO Bus: probed
[    1.748723] tun: Universal TUN/TAP device driver, 1.6
[    1.749871] tun: (C) 1999-2004 Max Krasnyansky <maxk@qualcomm.com>
[    1.751530] PPP generic driver version 2.4.2
[    1.777735] ehci_hcd: USB 2.0 'Enhanced' Host Controller (EHCI) Driver
[    1.779176] ehci-pci: EHCI PCI platform driver
[    1.780206] ehci-platform: EHCI generic platform driver
[    1.781326] ohci_hcd: USB 1.1 'Open' Host Controller (OHCI) Driver
[    1.787719] ohci-pci: OHCI PCI platform driver
[    1.788961] ohci-platform: OHCI generic platform driver
[    1.790365] uhci_hcd: USB Universal Host Controller Interface driver
[    1.807473] i8042: PNP: PS/2 Controller [PNP0303:PS2K,PNP0f03:PS2M] at 0x60,0x64 irq 1,12
[    1.810351] serio: i8042 KBD port at 0x60,0x64 irq 1
[    1.811708] serio: i8042 AUX port at 0x60,0x64 irq 12
[    1.813247] mousedev: PS/2 mouse device common for all mice
[    1.815261] rtc_cmos rtc_cmos: rtc core: registered rtc_cmos as rtc0
[    1.818184] input: AT Translated Set 2 keyboard as /devices/platform/i8042/serio0/input/input2
[    1.828466] rtc_cmos rtc_cmos: alarms up to one day, 114 bytes nvram
[    1.829871] i2c /dev entries driver
[    1.830978] device-mapper: uevent: version 1.0.3
[    1.832353] device-mapper: ioctl: 4.34.0-ioctl (2015-10-28) initialised: dm-devel@redhat.com
[    1.869073] ledtrig-cpu: registered to indicate activity on CPUs
[    1.879750] NET: Registered protocol family 10
[    1.886869] NET: Registered protocol family 17
[    1.888359] Key type dns_resolver registered
[    1.890553] registered taskstats version 1
[    1.891958] Loading compiled-in X.509 certificates
[    1.894470] Loaded X.509 cert 'Build time autogenerated kernel key: 7c9fb337b82e5a343493fe891c556beae1895c7c'
[    1.897812] zswap: loaded using pool lzo/zbud
[    1.901309] Key type trusted registered
[    1.907164] Key type encrypted registered
[    1.913725] AppArmor: AppArmor sha1 policy hashing enabled
[    1.915124] ima: No TPM chip found, activating TPM-bypass!
[    1.926911] ima: Allocated hash algorithm: sha1
[    1.928601] evm: HMAC attrs: 0x1
[    1.930592]   Magic number: 3:696:340
[    1.932313] rtc_cmos rtc_cmos: setting system clock to 2019-01-22 17:20:36 UTC (1548177636)
[    1.940589] BIOS EDD facility v0.16 2004-Jun-25, 0 devices found
[    1.950940] EDD information not available.
[    1.954087] Freeing unused kernel memory: 1528K
[    1.969361] Write protecting the kernel read-only data: 14336k
[    1.978810] Freeing unused kernel memory: 1660K
[    1.980754] Freeing unused kernel memory: 88K
Loading, please wait...
starting version[    2.009211] random: systemd-udevd: uninitialized urandom read (16 bytes read, 2 bits of entropy available)
 229
[    2.012132] random: udevadm: uninitialized urandom read (16 bytes read, 2 bits of entropy available)
[    2.012171] random: udevadm: uninitialized urandom read (16 bytes read, 2 bits of entropy available)
[    2.029487] random: udevadm: uninitialized urandom read (16 bytes read, 2 bits of entropy available)
[    2.029561] random: udevadm: uninitialized urandom read (16 bytes read, 2 bits of entropy available)
[    2.029803] random: udevadm: uninitialized urandom read (16 bytes read, 2 bits of entropy available)
[    2.029894] random: udevadm: uninitialized urandom read (16 bytes read, 2 bits of entropy available)
[    2.029983] random: udevadm: uninitialized urandom read (16 bytes read, 2 bits of entropy available)
[    2.030070] random: udevadm: uninitialized urandom read (16 bytes read, 2 bits of entropy available)
[    2.030161] random: udevadm: uninitialized urandom read (16 bytes read, 2 bits of entropy available)
[    2.132614] virtio_net virtio0 enp0s3: renamed from eth0
[    2.138873] Fusion MPT base driver 3.04.20
[    2.152936] Copyright (c) 1999-2008 LSI Corporation
[    2.174852] Fusion MPT SPI Host driver 3.04.20
[    2.195351] mptbase: ioc0: Initiating bringup
[    2.221964] AVX2 version of gcm_enc/dec engaged.
[    2.223578] AES CTR mode by8 optimization enabled
[    2.277910] ioc0: LSI53C1030 A0: Capabilities={Initiator}
[    2.398261] input: ImExPS/2 Generic Explorer Mouse as /devices/platform/i8042/serio1/input/input4
[    2.449263] scsi host2: ioc0: LSI53C1030 A0, FwRev=00000000h, Ports=1, MaxQ=256, IRQ=20
[    2.565641] tsc: Refined TSC clocksource calibration: 2394.890 MHz
[    2.588034] clocksource: tsc: mask: 0xffffffffffffffff max_cycles: 0x22855c5e15f, max_idle_ns: 440795255628 ns
[    2.590577] scsi 2:0:0:0: Direct-Access     VBOX     HARDDISK         1.0  PQ: 0 ANSI: 5
[    2.592454] scsi target2:0:0: Beginning Domain Validation
[    2.600399] scsi target2:0:0: Domain Validation skipping write tests
[    2.602460] scsi target2:0:0: Ending Domain Validation
[    2.603807] scsi target2:0:0: asynchronous
[    2.605191] scsi 2:0:1:0: Direct-Access     VBOX     HARDDISK         1.0  PQ: 0 ANSI: 5
[    2.619259] scsi target2:0:1: Beginning Domain Validation
[    2.623835] scsi target2:0:1: Domain Validation skipping write tests
[    2.625754] scsi target2:0:1: Ending Domain Validation
[    2.751400] scsi target2:0:1: asynchronous
[    2.758072] sd 2:0:0:0: [sda] 20971520 512-byte logical blocks: (10.7 GB/10.0 GiB)
[    2.760268] sd 2:0:0:0: [sda] Write Protect is off
[    2.761965] sd 2:0:0:0: Attached scsi generic sg0 type 0
[    2.763670] sd 2:0:0:0: [sda] Incomplete mode parameter data
[    2.765394] sd 2:0:0:0: [sda] Assuming drive cache: write through
[    2.766273] sd 2:0:1:0: Attached scsi generic sg1 type 0
[    2.771949] sd 2:0:1:0: [sdb] 20480 512-byte logical blocks: (10.5 MB/10.0 MiB)
[    2.782551] sd 2:0:1:0: [sdb] Write Protect is off
[    2.784087] sd 2:0:1:0: [sdb] Incomplete mode parameter data
[    2.784736]  sda: sda1
[    2.786569] sd 2:0:1:0: [sdb] Assuming drive cache: write through
[    2.786634] sd 2:0:0:0: [sda] Attached SCSI disk
[    2.792231] sd 2:0:1:0: [sdb] Attached SCSI disk
Begin: Loading e[    4.532057] md: linear personality registered for level -1
ssential drivers[    4.542298] md: multipath personality registered for level -4
 ... [    4.551650] md: raid0 personality registered for level 0
[    4.558195] md: raid1 personality registered for level 1
[    4.637294] raid6: sse2x1   gen()  7003 MB/s
[    4.721307] raid6: sse2x1   xor()  5724 MB/s
[    4.793312] raid6: sse2x2   gen()  9309 MB/s
[    4.865296] raid6: sse2x2   xor()  6518 MB/s
[    4.933297] raid6: sse2x4   gen() 11730 MB/s
[    5.001288] raid6: sse2x4   xor()  8319 MB/s
[    5.073290] raid6: avx2x1   gen() 15722 MB/s
[    5.149335] raid6: avx2x2   gen() 17933 MB/s
[    5.221310] raid6: avx2x4   gen() 21147 MB/s
[    5.222502] raid6: using algorithm avx2x4 gen() 21147 MB/s
[    5.229158] raid6: using avx2x2 recovery algorithm
[    5.231750] xor: automatically using best checksumming function:
[    5.273293]    avx       : 21614.000 MB/sec
[    5.282103] async_tx: api initialized (async)
[    5.296824] md: raid6 personality registered for level 6
[    5.298674] md: raid5 personality registered for level 5
[    5.300355] md: raid4 personality registered for level 4
[    5.308620] md: raid10 personality registered for level 10
done.
Begin: Running /scripts/init-premount ... done.
Begin: Mounting root file system ... Begin: Running /scripts/local-top ... done.
Begin: Running /scripts/local-premount ... [    5.358412] Btrfs loaded
Scanning for Btrfs filesystems
done.
Warning: fsck not present, so skipping root file system
[    5.410519] EXT4-fs (sda1): mounted filesystem with ordered data mode. Opts: (null)
done.
Begin: Running /scripts/local-bottom ... done.
Begin: Running /scripts/init-bottom ... done.
[    5.601920] systemd[1]: systemd 229 running in system mode. (+PAM +AUDIT +SELINUX +IMA +APPARMOR +SMACK +SYSVINIT +UTMP +LIBCRYPTSETUP +GCRYPT +GNUTLS +ACL +XZ -LZ4 +SECCOMP +BLKID +ELFUTILS +KMOD -IDN)
[    5.618521] systemd[1]: Detected virtualization oracle.
[    5.628046] systemd[1]: Detected architecture x86-64.

Welcome to [1mUbuntu 16.04.5 LTS[0m!

[    5.635936] systemd[1]: Set hostname to <ubuntu>.
[    5.645105] systemd[1]: Initializing machine ID from random generator.
[    5.648431] systemd[1]: Installed transient /etc/machine-id file.
[    5.830265] systemd[1]: Listening on Syslog Socket.
[[0;32m  OK  [0m] Listening on Syslog Socket.
[    5.833041] systemd[1]: Reached target User and Group Name Lookups.
[[0;32m  OK  [0m] Reached target User and Group Name Lookups.
[    5.836227] systemd[1]: Started Trigger resolvconf update for networkd DNS.
[[0;32m  OK  [0m] Started Trigger resolvconf update for networkd DNS.
[    5.839579] systemd[1]: Reached target Swap.
[[0;32m  OK  [0m] Reached target Swap.
[    5.879077] systemd[1]: Listening on Journal Audit Socket.
[[0;32m  OK  [0m] Listening on Journal Audit Socket.
[    5.881880] systemd[1]: Started Forward Password Requests to Wall Directory Watch.
[[0;32m  OK  [0m] Started Forward Password Requests to Wall Directory Watch.
[    5.886665] systemd[1]: Listening on udev Control Socket.
[[0;32m  OK  [0m] Listening on udev Control Socket.
[    5.889893] systemd[1]: Created slice User and Session Slice.
[[0;32m  OK  [0m] Created slice User and Session Slice.
[    5.892796] systemd[1]: Listening on LVM2 poll daemon socket.
[[0;32m  OK  [0m] Listening on LVM2 poll daemon socket.
[    5.895726] systemd[1]: Reached target Encrypted Volumes.
[[0;32m  OK  [0m] Reached target Encrypted Volumes.
[    5.898499] systemd[1]: Listening on Journal Socket.
[[0;32m  OK  [0m] Listening on Journal Socket.
[    5.924005] systemd[1]: Listening on Device-mapper event daemon FIFOs.
[[0;32m  OK  [0m] Listening on Device-mapper event daemon FIFOs.
[    5.928133] systemd[1]: Reached target System Time Synchronized.
[[0;32m  OK  [0m] Reached target System Time Synchronized.
[    5.931275] systemd[1]: Listening on LVM2 metadata daemon socket.
[[0;32m  OK  [0m] Listening on LVM2 metadata daemon socket.
[    5.947502] systemd[1]: Listening on Journal Socket (/dev/log).
[[0;32m  OK  [0m] Listening on Journal Socket (/dev/log).
[    5.953435] systemd[1]: Listening on udev Kernel Socket.
[[0;32m  OK  [0m] Listening on udev Kernel Socket.
[    5.959122] systemd[1]: Listening on /dev/initctl Compatibility Named Pipe.
[[0;32m  OK  [0m] Listening on /dev/initctl Compatibility Named Pipe.
[    5.963330] systemd[1]: Set up automount Arbitrary Executable File Formats File System Automount Point.
[[0;32m  OK  [0m] Set up automount Arbitrary Executab...ats File System Automount Point.
[    5.968030] systemd[1]: Created slice System Slice.
[[0;32m  OK  [0m] Created slice System Slice.
[    5.985568] systemd[1]: Mounting Huge Pages File System...
         Mounting Huge Pages File System...
[    5.993845] systemd[1]: Created slice system-serial\x2dgetty.slice.
[[0;32m  OK  [0m] Created slice system-serial\x2dgetty.slice.
[    6.005787] systemd[1]: Starting Create list of required static device nodes for the current kernel...
         Starting Create list of required st... nodes for the current kernel...
[    6.019385] systemd[1]: Starting Uncomplicated firewall...
         Starting Uncomplicated firewall...
[    6.041749] systemd[1]: Mounting Debug File System...
         Mounting Debug File System...
[    6.067818] systemd[1]: Starting Nameserver information manager...
         Starting Nameserver information manager...
[    6.081685] systemd[1]: Mounting POSIX Message Queue File System...
         Mounting POSIX Message Queue File System...
[    6.085987] systemd[1]: Starting Journal Service...
         Starting Journal Service...
[    6.102886] systemd[1]: Starting Remount Root and Kernel File Systems...
[    6.122446] EXT4-fs (sda1): re-mounted. Opts: (null)
         Starting Remount Root and Kernel File Systems...
[    6.155106] systemd[1]: Reached target Slices.
[[0;32m  OK  [0m] Reached target Slices.
[    6.189933] systemd[1]: Starting Set console keymap...
         Starting Set console keymap...
[    6.201963] systemd[1]: Starting Monitoring of LVM2 mirrors, snapshots etc. using dmeventd or progress polling...
         Starting Monitoring of LVM2 mirrors... dmeventd or progress polling...
[    6.241694] systemd[1]: Starting Load Kernel Modules...
         Starting Load Kernel Modules...
[    6.259132] Loading iSCSI transport class v2.0-870.
[    6.262528] systemd[1]: Mounted Huge Pages File System.
[[0;32m  OK  [0m] Mounted Huge Pages File System.
[    6.286193] systemd[1]: Mounted POSIX Message Queue File System.
[    6.298020] iscsi: registered transport (tcp)
[[0;32m  OK  [0m] Mounted POSIX Message Queue File System.
[    6.300662] systemd[1]: Mounted Debug File System.
[[0;32m  OK  [0m] Mounted Debug File System.
[    6.319072] systemd[1]: Started Journal Service.
[[0;32m  OK  [0m] Started Journal Service.
[[0;32m  OK  [0m] Started Create list of required sta...ce nod[    6.348728] iscsi: registered transport (iser)
es for the current kernel.
[[0;32m  OK  [0m] Started Uncomplicated firewall.
[[0;32m  OK  [0m] Started Remount Root and Kernel File Systems.
[[0;32m  OK  [0m] Started Set console keymap.
[[0;32m  OK  [0m] Started Load Kernel Modules.
[[0;32m  OK  [0m] Started Nameserver information manager.
[[0;32m  OK  [0m] Started LVM2 metadata daemon.
         Starting Apply Kernel Variables...
         Mounting FUSE Control File System...
         Starting udev Coldplug all Devices...
         Starting Load/Save Random Seed...
         Starting Create Static Device Nodes in /dev...
         Starting Flush Journal to Persistent Storage...
[[0;32m  OK  [0m] Mounted FUSE Control File System.
[[0;32m  OK  [0m] Started Apply Kernel Variables.
[[0;32m  OK  [0m] Started Load/Save Random Seed.
[[0;32m  OK  [0m] Started Create Static Device Nodes in /dev.
[[0;32m  OK  [0m] Started udev Coldplug all Devices.
[[0;32m  OK  [0m] Started Monitoring of LVM2 mirrors,...ng dmeventd or progress polling.
[[0;32m  OK  [0m] Started Flush Journal to Persistent Storage.
         Starting udev Kernel Device Manager...
[[0;32m  OK  [0m] Reached target Local File Systems (Pre).
[[0;32m  OK  [0m] Reached target Local File Systems.
         Starting Initial cloud-init job (pre-networking)...
         Starting Set console font and keymap...
         Starting Tell Plymouth To Write Out Runtime Data...
         Starting Commit a transient machine-id on disk...
         Starting Create Volatile Files and Directories...
         Starting LSB: AppArmor initialization...
[[0;32m  OK  [0m] Started udev Kernel Device Manager.
[[0;32m  OK  [0m] Started Tell Plymouth To Write Out Runtime Data.
[[0;32m  OK  [0m] Started Create Volatile Files and Directories.
[[0;32m  OK  [0m] Started Commit a transient machine-id on disk.
         Starting Update UTMP about System Boot/Shutdown...
[[0;32m  OK  [0m] Started Dispatch Password Requests to Console Directory Watch.
[[0;32m  OK  [0m] Started Update UTMP about System Boot/Shutdown.
[[0;32m  OK  [0m] Found device /dev/ttyS0.
[[0;32m  OK  [0m] Listening on Load/Save RF Kill Switch Status /dev/rfkill Watch.
[[0;32m  OK  [0m] Started LSB: AppArmor initialization.
[    7.758374] cloud-init[461]: Cloud-init v. 18.4-0ubuntu1~16.04.2 running 'init-local' at Tue, 22 Jan 2019 17:20:42 +0000. Up 7.29 seconds.
[[0;32m  OK  [0m] Started Initial cloud-init job (pre-networking).
[[0;32m  OK  [0m] Reached target Network (Pre).
         Starting Raise network interfaces...
[[0;32m  OK  [0m] Started Set console font and keymap.
[[0;32m  OK  [0m] Created slice system-getty.slice.
[[0;32m  OK  [0m] Started Raise network interfaces.
         Starting Initial cloud-init job (metadata service crawler)...
[[0;32m  OK  [0m] Reached target Network.
[    9.805947] cloud-init[941]: Cloud-init v. 18.4-0ubuntu1~16.04.2 running 'init' at Tue, 22 Jan 2019 17:20:44 +0000. Up 9.05 seconds.
[    9.823198] cloud-init[941]: ci-info: +++++++++++++++++++++++++++++++++++++Net device info++++++++++++++++++++++++++++++++++++++
[    9.872337] [[0;32m  OK  [0m] Started Initial cloud-init job (metadata service crawler).
cloud-init[941]: ci-info: +--------+------+---------------------------+---------------+--------+-------------------+
[[0;32m  OK  [0m] Reached target System Initialization.
[    9.884205] cloud-init[941]: ci-info: | Device |  Up  |          Address          |      Mask     | Scope  |     Hw-Address    |[[0;32m  OK  [0m] Started ACPI Events Check.

[    9.890471] [cloud-init[0;32m  OK  [0m[941]: ] ci-info: +--------+------+---------------------------+---------------+--------+-------------------+Reached target Paths.

[    9.896114] [[0;32m  OK  [0m] Listening on UUID daemon activation socket.
[[0;32m  OK  [0m] Listening on D-Bus System Message Bus Socket.
cloud-init[941]: ci-info: | enp0s3 | True |         10.0.2.15         | 255.255.255.0 | global | 02:27:07:96:ab:40 |
[    9.901562] [cloud-init[0;32m  OK  [0m[941]: ] ci-info: | enp0s3 | True | fe80::27:7ff:fe96:ab40/64 |       .       |  link  | 02:27:07:96:ab:40 |Listening on ACPID Listen Socket.

[[0;32m  OK  [0m] Started Daily apt download activities.
[[0;32m  OK  [0m] Started Daily apt upgrade and clean activities.
[    9.902286] cloud-init[941]: ci-info: |   lo   | True |         127.0.0.1         |   255.0.0.0   |  host  |         .         |
[    9.966564]          cloud-initStarting Socket activation for snappy daemon.[941]: 
ci-info: |   lo   | True |          ::1/128          |       .       |  host  |         .         |
[    9.988997] [[0;32m  OK  [0m] Started Daily Cleanup of Temporary Directories.
[[0;32m  OK  [0m] Reached target Timers.
cloud-init[941]: ci-info: +--------+------+---------------------------+---------------+--------+-------------------+
[   10.005412]          Starting LXD - unix socket.
[[0;32m  OK  [0m] Reached target Cloud-config availability.
[[0;32m  OK  [0m] Reached target Network is Online.
cloud-init[941]: ci-info: +++++++++++++++++++++++++++Route IPv4 info++++++++++++++++++++++++++++
[   10.018299] cloud-init[941]: ci-info: +-------+-------------+----------+---------------+-----------+-------+         Starting iSCSI initiator daemon (iscsid)...

[   10.033862] [[0;32m  OK  [0m] Listening on Socket activation for snappy daemon.
[[0;32m  OK  [0m] Listening on LXD - unix socket.
cloud-init[941]: ci-info: | Route | Destination | Gateway  |    Genmask    | Interface | Flags |
[   10.038752] cloud-init[941]: ci-info: +-------+-------------+----------+---------------+-----------+-------+
[   10.049736] cloud-init[941]: ci-info: |   0   |   0.0.0.0   | 10.0.2.2 |    0.0.0.0    |   enp0s3  |   UG  |
[[0;32m  OK  [0m] Reached target Sockets.
[[0;32m  OK  [0m] Reached target Basic System.
[   10.083787] cloud-init[941]: ci-info: |   1   |   10.0.2.0  | 0.0.0.0  | 255.255.255.0 |   enp0s3  |   U   |
[   10.090198] cloud-init[941]: ci-info: +-------+-------------+----------+---------------+-----------+-------+
[   10.115072] cloud-init[941]:          Starting LXD - container startup/shutdown...
ci-info: +++++++++++++++++++Route IPv6 info+++++++++++++++++++
[   10.123461] cloud-init[941]: ci-info: +-------+-------------+---------+-----------+-------+
[   10.128494]          Starting System Logging Service...
cloud-init[941]: ci-info: | Route | Destination | Gateway | Interface | Flags |
         Starting Login Service...
[   10.144905] cloud-init[941]: ci-info: +-------+-------------+---------+-----------+-------+
[   10.154452] cloud-init[941]: ci-info: |   0   |  fe80::/64  |    ::   |   enp0s3  |   U   |
[   10.156591] cloud-init[941]: ci-info: |   3   |   ff00::/8  |    ::   |   enp0s3  |   U   |
[   10.169296]          Starting Accounts Service...
cloud-init[941]: ci-info: +-------+-------------+---------+-----------+-------+
         Starting LSB: Record successful boot for GRUB...
[   10.193412] cloud-init[941]: Generating public/private rsa key pair.
[   10.218779]          Starting LSB: MD monitoring daemon...
cloud-init         Starting /etc/rc.local Compatibility...
[941]: Your identification has been saved in /etc/ssh/ssh_host_rsa_key.
[   10.236374] [cloud-init[0;32m  OK  [0m[941]: ] Your public key has been saved in /etc/ssh/ssh_host_rsa_key.pub.Started ACPI event daemon.

[[0;32m  OK  [0m] Started Unattended Upgrades Shutdown.
[   10.237036] cloud-init[941]: The key fingerprint is:
[   10.262707] cloud-init[941]: SHA256:hhltX6iGvHA6lKkS58jRAQKb1IUozXZX11Tr6EkYIhk root@ubuntu-xenial         Starting Snappy daemon...

[   10.329148]          cloud-initStarting Virtualbox guest utils...[941]: 
The key's randomart image is:
[   10.329757] cloud-init[941]: +---[RSA 2048]----+
[   10.396528] cloud-init[941]: |+=o o.E.. .o...  |
[   10.408737] [cloud-init[0;32m  OK  [0m[941]: ] |++=o. .+ . ..  . |Started Deferred execution scheduler.

[   10.409447] cloud-init[941]: |+. o .+ + o . .  |
[[0;32m  OK  [0m] Started Regular background program processing daemon.
         Starting Pollinate to seed the pseudo random number generator...
[[0;32m  OK  [0m] Started FUSE filesystem for LXC.
[   10.426535] cloud-init[941]: |  . .+ B + + o   |
[   10.476575] [[0;32m  OK  [0m] Started D-Bus System Message Bus.
cloud-init[941]: |....= * S o o .  |
[   10.486385] cloud-init[941]: |.=.o + +   o .   |
[   10.496920] cloud-init[941]: |o.o o .     o    |
[   10.498507] cloud-init[941]: | .   .           |
[   10.508705] cloud-init[941]: |                 |
[   10.512010] cloud-init[941]: +----[SHA256]-----+
[   10.516369] cloud-init[941]: Generating public/private dsa key pair.
[   10.518151] cloud-init[941]: Your identification has been saved in /etc/ssh/ssh_host_dsa_key.
[[0;32m  OK  [0m] Started System Logging Service.
[   10.558071] [[0;32m  OK  [0m] Started iSCSI initiator daemon (iscsid).
[[0;32m  OK  [0m] Started LXD - container startup/shutdown.
[[0;32m  OK  [0m] Started /etc/rc.local Compatibility.
cloud-init[941]: Your public key has been saved in /etc/ssh/ssh_host_dsa_key.pub.
[[0;32m  OK  [0m] Started Snappy daemon.
[   10.583861] cloud-init[941]: The key fingerprint is:
[   10.595731] cloud-init[941]: SHA256:i/Uvuk2rJHEkmrmWWihcNTBKq5XeLiSTqcnF0VEO3b4 root@ubuntu-xenial
[   10.618920] [[0;32m  OK  [0m] Started LSB: Record successful boot for GRUB.
cloud-init[941]: The key's randomart image is:
[   10.622159] cloud-init[941]: +---[DSA 1024]----+
[   10.629165] [cloud-init[0;32m  OK  [0m[941]: ] | . o oo..        |Started LSB: MD monitoring daemon.

[   10.629806] cloud-init[941]: |. o.+ +. .       |
[   10.652923] cloud-init[941]: | oo. +..o        |
[   10.654983] cloud-init[941]: |.=..o+.o .       |
[   10.656972] cloud-init[941]: |* o+= . S .      |
[   10.668495] cloud-init[941]: |+=oo o = E       |
[   10.676993] cloud-init[941]: |+oo * o o o      |
[[0;32m  OK  [0m] Started Login Service.[   10.688763] cloud-init[941]: | . =   o o.o     |

[   10.691991] cloud-init[941]: |  .     ++o..    |
         Starting Authenticate and Authorize Users to Run Privileged Tasks...
         Starting Wait until snapd is fully seeded...[   10.720926] cloud-init[941]: +----[SHA256]-----+
[   10.726090] cloud-init[941]: Generating public/private ecdsa key pair.
[   10.726446] cloud-init[941]: Your identification has been saved in /etc/ssh/ssh_host_ecdsa_key.
[   10.726664] cloud-init[941]: Your public key has been saved in /etc/ssh/ssh_host_ecdsa_key.pub.
[   10.727096] cloud-init[941]: The key fingerprint is:
[   10.727295] cloud-init[941]: SHA256:kgCq+AHC8vQZAdfWc4JG8frSsUT6cN8oTxeCiUqY0tI root@ubuntu-xenial
[   10.727507] cloud-init[941]: The key's randomart image is:
[   10.727717] cloud-init[941]: +---[ECDSA 256]---+
[   10.727930] cloud-init[941]: |  o.ooo+         |
[   10.728374] cloud-init[941]: |.. o .=.+ .      |
[   10.728447] cloud-init[941]: |=.. oo  o+       |
[   10.728521] cloud-init[941]: |=* + + * o       |
[   10.728597] cloud-init[941]: |= E + B S . .    |

[   10.729360] cloud-init[941]: | + o . O + + .   |
[   10.788383] cloud-init[941]: |  . . . * + o    |
[   10.796500] cloud-init[941]: |       . + .     |
[   10.818609] cloud-init[941]: |          .      |
[   10.819130] cloud-init[941]: +----[SHA256]-----+
[   10.819556] cloud-init[941]: Generating public/private ed25519 key pair.
         Starting Login to default iSCSI targets...
[   10.819970] cloud-init[941]: Your identification has been saved in /etc/ssh/ssh_host_ed25519_key.
[   10.834505] cloud-init[941]: Your public key has been saved in /etc/ssh/ssh_host_ed25519_key.pub.
[[0;32m  OK  [0m] Started Virtualbox guest utils.
[[0;32m  OK  [0m[   10.835068] cloud-init[941]: The key fingerprint is:
[   10.849268] cloud-init[941]: SHA256:Nu6T7/WAIpK1dXJu1R5kiDFG/x2kkrhsXFNOFB/9Jc0 root@ubuntu-xenial
[   10.850026] cloud-init[941]: The key's randomart image is:
[   10.850477] cloud-init[941]: +--[ED25519 256]--+
[   10.850890] cloud-init[941]: |         .= .=.=.|
[   10.851319] cloud-init[941]: |         ..==.= E|
[   10.851774] cloud-init[941]: |         ..=ooo+o|
] Started Authenticate and Authorize Users to Run Privileged Tasks.
[[0;32m  OK  [0m] Started Accounts Service.
[   10.851947] cloud-init[941]: |        o o o= .o|
[   10.894917] cloud-init[941]: |      . S=o . + .|
[   10.897755] cloud-init[941]: |     o =.* o . . |
[   10.907173] cloud-init[941]: |    o o o.+ o .  |
[   10.932514] [cloud-init[0;32m  OK  [0m[941]: ] |     . ooo . o   |Started Login to default iSCSI targets.

[[0;32m  OK  [0m] Reached target Remote File Systems (Pre).
[   10.953250] [[0;32m  OK  [0m] Reached target Remote File Systems.
cloud-init[941]: |        .+o   .  |
[   10.977905] cloud-init[941]: +----[SHA256]-----+
         Starting LSB: daemon to balance interrupts for SMP systems...
         Starting Permit User Sessions...
         Starting LSB: Set the CPU Frequency Scaling governor to "ondemand"...
         Starting LSB: automatic crash report generation...
[[0;32m  OK  [0m] Started Permit User Sessions.
         Starting Terminate Plymouth Boot Screen...
         Starting Hold until boot process finishes up...
[[0;32m  OK  [0m] Started LSB: daemon to balance interrupts for SMP systems.
[[0;32m  OK  [0m] Started LSB: Set the CPU Frequency Scaling governor to "ondemand".
[[0;32m  OK  [0m] Started LSB: automatic crash report generation.
[[0;32m  OK  [0m] Started Terminate Plymouth Boot Screen.
[[0;32m  OK  [0m] Started Hold until boot process finishes up.
[[0;32m  OK  [0m] Started Getty on tty1.
         Starting Set console scheme...
[[0;32m  OK  [0m] Started Serial Getty on ttyS0.
[[0;32m  OK  [0m] Reached target Login Prompts.
[[0;32m  OK  [0m] Started Set console scheme.
[[0;32m  OK  [0m] Started Pollinate to seed the pseudo random number generator.
         Starting OpenBSD Secure Shell server...
[[0;32m  OK  [0m] Started OpenBSD Secure Shell server.
[[0;32m  OK  [0m] Created slice User Slice of vagrant.
         Starting User Manager for UID 1000...
[[0;32m  OK  [0m] Started Session 1 of user vagrant.
[[0;32m  OK  [0m] Started User Manager for UID 1000.
         Stopping User Manager for UID 1000...
[[0;32m  OK  [0m] Stopped User Manager for UID 1000.
[[0;32m  OK  [0m] Removed slice User Slice of vagrant.
[[0;32m  OK  [0m] Started Wait until snapd is fully seeded.
         Starting Apply the settings specified in cloud-config...
[[0;32m  OK  [0m] Reached target Multi-User System.
[[0;32m  OK  [0m] Reached target Graphical Interface.
         Starting Update UTMP about System Runlevel Changes...
[[0;32m  OK  [0m] Started Update UTMP about System Runlevel Changes.
[[0;32m  OK  [0m] Created slice User Slice of vagrant.
         Starting User Manager for UID 1000...
[[0;32m  OK  [0m] Started Session 2 of user vagrant.
[[0;32m  OK  [0m] Started User Manager for UID 1000.
[   15.787745] cloud-init[1449]: Generating locales (this might take a while)...
[   16.737940] cloud-init[1449]:   en_US.UTF-8... done
[   16.738971] cloud-init[1449]: Generation complete.
[   17.106404] cloud-init[1449]: Cloud-init v. 18.4-0ubuntu1~16.04.2 running 'modules:config' at Tue, 22 Jan 2019 17:20:50 +0000. Up 15.66 seconds.

Ubuntu 16.04.5 LTS ubuntu-xenial ttyS0

ubuntu-xenial login: ci-info: no authorized ssh keys fingerprints found for user ubuntu.
<14>Jan 22 17:20:52 ec2: 
<14>Jan 22 17:20:52 ec2: #############################################################
<14>Jan 22 17:20:52 ec2: -----BEGIN SSH HOST KEY FINGERPRINTS-----
<14>Jan 22 17:20:52 ec2: 1024 SHA256:i/Uvuk2rJHEkmrmWWihcNTBKq5XeLiSTqcnF0VEO3b4 root@ubuntu-xenial (DSA)
<14>Jan 22 17:20:52 ec2: 256 SHA256:kgCq+AHC8vQZAdfWc4JG8frSsUT6cN8oTxeCiUqY0tI root@ubuntu-xenial (ECDSA)
<14>Jan 22 17:20:52 ec2: 256 SHA256:Nu6T7/WAIpK1dXJu1R5kiDFG/x2kkrhsXFNOFB/9Jc0 root@ubuntu-xenial (ED25519)
<14>Jan 22 17:20:52 ec2: 2048 SHA256:hhltX6iGvHA6lKkS58jRAQKb1IUozXZX11Tr6EkYIhk root@ubuntu-xenial (RSA)
<14>Jan 22 17:20:52 ec2: -----END SSH HOST KEY FINGERPRINTS-----
<14>Jan 22 17:20:52 ec2: #############################################################
-----BEGIN SSH HOST KEY KEYS-----
ecdsa-sha2-nistp256 AAAAE2VjZHNhLXNoYTItbmlzdHAyNTYAAAAIbmlzdHAyNTYAAABBBIOnA3atFHoWHKUXoRt9HUjC7x0EqjpLQAQLABJgj+/XDpc/UryuzCSBhHY5uB0syVO4NjfapWdQuN/NAKH9ask= root@ubuntu-xenial
ssh-ed25519 AAAAC3NzaC1lZDI1NTE5AAAAIPQ3O7fyJ6bVTH8pEj5LjjelCRV7I+fSzEb3r40+doAj root@ubuntu-xenial
ssh-rsa AAAAB3NzaC1yc2EAAAADAQABAAABAQC2/GeaPDJSegETsNpxrFJictMtEiFtiRp4hVLvbkjHBwdHVIy1yFgzt+THIsUN3LQzQXowCAXMFpGjmns2SidAE4H8c328AWOTm/Tcg8pHhqt43+HiSHaFiwge3ARUeYcs4Bh/CMuqKkFlyqhQLP7zLu0rvxk2UZ1cM1ULPljpIot5fN3V06Q62c3LSnqPiD+uSqfq4gR0ebPr0qkj5Ipbv15QSlNakvs00Cfh+rtdQVnGAVRMFL+ll5qmg8gC6cp/wr41ZmEB88iC+AtxxzlM6CgPq7/VeINVs7QzhT15WQ67dSJONM1mZyKgUYUn1YZkaBpeIzlYX2t2eTzNKWZP root@ubuntu-xenial
-----END SSH HOST KEY KEYS-----
[   17.677246] cloud-init[1598]: Cloud-init v. 18.4-0ubuntu1~16.04.2 running 'modules:final' at Tue, 22 Jan 2019 17:20:52 +0000. Up 17.52 seconds.
[   17.677591] cloud-init[1598]: ci-info: no authorized ssh keys fingerprints found for user ubuntu.
[   17.677830] cloud-init[1598]: Cloud-init v. 18.4-0ubuntu1~16.04.2 finished at Tue, 22 Jan 2019 17:20:52 +0000. Datasource DataSourceNoCloud [seed=/dev/sdb][dsmode=net].  Up 17.66 seconds
